Arguments: 
  C:\Program Files\nodejs\node.exe C:\Program Files\Yarn\bin\yarn.js

PATH: 
  C:\Program Files\Git\mingw32\bin;C:\Program Files\Git\usr\bin;C:\Users\vrauch\bin;C:\ProgramData\Oracle\Java\javapath;C:\Program Files\Intel\TXE Components\TCS;C:\WINDOWS\system32;C:\WINDOWS;C:\WINDOWS\System32\Wbem;C:\WINDOWS\System32\WindowsPowerShell\v1.0;C:\Program Files\Intel\TXE Components\DAL;C:\Program Files\Intel\TXE Components\IPT;C:\Program Files\Git\cmd;C:\Program Files\nodejs;C:\Program Files\Yarn\bin;C:\Users\vrauch\AppData\Local\Microsoft\WindowsApps;C:\Program Files\Microsoft VS Code\bin;C:\Users\vrauch\AppData\Roaming\npm;C:\Users\vrauch\AppData\Local\Yarn\bin

Yarn version: 
  1.3.2

Node version: 
  8.6.0

Platform: 
  win32 ia32

npm manifest: 
  {
    "name": "first-ng-project",
    "version": "0.0.0",
    "license": "MIT",
    "scripts": {
      "ng": "ng",
      "start": "ng serve",
      "build": "ng build",
      "test": "ng test",
      "lint": "ng lint",
      "e2e": "ng e2e"
    },
    "private": true,
    "dependencies": {
      "@angular/animations": "^5.0.0",
      "@angular/common": "^5.0.0",
      "@angular/compiler": "^5.0.0",
      "@angular/core": "^5.0.0",
      "@angular/forms": "^5.0.0",
      "@angular/http": "^5.0.0",
      "@angular/platform-browser": "^5.0.0",
      "@angular/platform-browser-dynamic": "^5.0.0",
      "@angular/router": "^5.0.0",
      "core-js": "^2.4.1",
      "rxjs": "^5.5.2",
      "zone.js": "^0.8.14"
    },
    "devDependencies": {
      "@angular/cli": "1.5.0",
      "@angular/compiler-cli": "^5.0.0",
      "@angular/language-service": "^5.0.0",
      "@types/jasmine": "~2.5.53",
      "@types/jasminewd2": "~2.0.2",
      "@types/node": "~6.0.60",
      "codelyzer": "~3.2.0",
      "jasmine-core": "~2.6.2",
      "jasmine-spec-reporter": "~4.1.0",
      "karma": "~1.7.0",
      "karma-chrome-launcher": "~2.1.1",
      "karma-cli": "~1.0.1",
      "karma-coverage-istanbul-reporter": "^1.2.1",
      "karma-jasmine": "~1.1.0",
      "karma-jasmine-html-reporter": "^0.2.2",
      "protractor": "~5.1.2",
      "ts-node": "~3.2.0",
      "tslint": "~5.7.0",
      "typescript": "~2.4.2"
    }
  }

yarn manifest: 
  No manifest

Lockfile: 
  No lockfile

Trace: 
  Error: https://registry.yarnpkg.com/@angular/common/-/common-5.0.1.tgz: ESOCKETTIMEDOUT
      at ClientRequest.<anonymous> (C:\Program Files\Yarn\lib\cli.js:123716:19)
      at Object.onceWrapper (events.js:314:30)
      at emitNone (events.js:105:13)
      at ClientRequest.emit (events.js:207:7)
      at TLSSocket.emitTimeout (_http_client.js:722:34)
      at Object.onceWrapper (events.js:314:30)
      at emitNone (events.js:105:13)
      at TLSSocket.emit (events.js:207:7)
      at TLSSocket.Socket._onTimeout (net.js:400:8)
      at ontimeout (timers.js:469:11)
